-------------------------------------------------------------------------------
Test set: com.example.MoneyTest
-------------------------------------------------------------------------------
Tests run: 4, Failures: 0, Errors: 1, Skipped: 0, Time elapsed: 0.032 s <<< FAILURE! -- in com.example.MoneyTest
com.example.MoneyTest.testAdd -- Time elapsed: 0.013 s <<< ERROR!
java.lang.Error: 
Unresolved compilation problem: 
	The method plus(Money) is undefined for the type Money

	at com.example.MoneyTest.testAdd(MoneyTest.java:30)
	at java.base/java.lang.reflect.Method.invoke(Method.java:580)
	at java.base/java.util.ArrayList.forEach(ArrayList.java:1596)
	at java.base/java.util.ArrayList.forEach(ArrayList.java:1596)

