-------------------------------------------------------------------------------
Test set: com.example.MoneyTest
-------------------------------------------------------------------------------
Tests run: 7, Failures: 0, Errors: 1, Skipped: 0, Time elapsed: 0.153 s <<< FAILURE! -- in com.example.MoneyTest
com.example.MoneyTest.testReduceMoney -- Time elapsed: 0.010 s <<< ERROR!
java.lang.ClassCastException: class com.example.Money cannot be cast to class com.example.Sum (com.example.Money and com.example.Sum are in unnamed module of loader 'app')
	at com.example.Bank.reduce(Bank.java:5)
	at com.example.MoneyTest.testReduceMoney(MoneyTest.java:60)
	at java.base/java.lang.reflect.Method.invoke(Method.java:569)
	at java.base/java.util.ArrayList.forEach(ArrayList.java:1511)
	at java.base/java.util.ArrayList.forEach(ArrayList.java:1511)

